2026-05-25T22:16:10.908+08:00  WARN 2832 --- [main] c.a.nacos.client.logging.NacosLogging    : Load Logback Configuration of Nacos fail, message: Could not initialize Logback Nacos logging from classpath:nacos-logback.xml
2026-05-25T22:16:11.005+08:00  WARN 2832 --- [main] c.a.nacos.client.logging.NacosLogging    : Load Logback Configuration of Nacos fail, message: Could not initialize Logback Nacos logging from classpath:nacos-logback.xml
2026-05-25T22:16:11.016+08:00  INFO 2832 --- [main] com.bite.blog.BlogServiceApplication     : Starting BlogServiceApplication using Java 17.0.9 with PID 2832 (D:\code\spring-cloud-blog\blog-info\blog-info-service\target\classes started by liyibo in D:\code\spring-cloud-blog)
2026-05-25T22:16:11.017+08:00  INFO 2832 --- [main] com.bite.blog.BlogServiceApplication     : No active profile set, falling back to 1 default profile: "default"
2026-05-25T22:16:11.744+08:00  INFO 2832 --- [main] .s.d.r.c.RepositoryConfigurationDelegate : Multiple Spring Data modules found, entering strict repository configuration mode
2026-05-25T22:16:11.747+08:00  INFO 2832 --- [main] .s.d.r.c.RepositoryConfigurationDelegate : Bootstrapping Spring Data Redis repositories in DEFAULT mode.
2026-05-25T22:16:11.770+08:00  INFO 2832 --- [main] .s.d.r.c.RepositoryConfigurationDelegate : Finished Spring Data repository scanning in 7 ms. Found 0 Redis repository interfaces.
2026-05-25T22:16:12.030+08:00  INFO 2832 --- [main] o.s.cloud.context.scope.GenericScope     : BeanFactory id=fd3d787a-4cdf-3ad9-991c-9f554130c6f8
2026-05-25T22:16:12.537+08:00  INFO 2832 --- [main] o.s.b.w.embedded.tomcat.TomcatWebServer  : Tomcat initialized with port(s): 9090 (http)
2026-05-25T22:16:12.638+08:00  INFO 2832 --- [main] w.s.c.ServletWebServerApplicationContext : Root WebApplicationContext: initialization completed in 1576 ms
2026-05-25T22:16:14.774+08:00  WARN 2832 --- [main] iguration$LoadBalancerCaffeineWarnLogger : Spring Cloud LoadBalancer is currently working with the default cache. While this cache implementation is useful for development and tests, it's recommended to use Caffeine cache in production.You can switch to using Caffeine cache, by adding it and org.springframework.cache.caffeine.CaffeineCacheManager to the classpath.
2026-05-25T22:16:14.895+08:00  INFO 2832 --- [main] o.s.b.w.embedded.tomcat.TomcatWebServer  : Tomcat started on port(s): 9090 (http) with context path ''
2026-05-25T22:16:14.913+08:00  WARN 2832 --- [main] c.a.nacos.client.logging.NacosLogging    : Load Logback Configuration of Nacos fail, message: Could not initialize Logback Nacos logging from classpath:nacos-logback.xml
2026-05-25T22:16:14.913+08:00  INFO 2832 --- [main] com.alibaba.nacos.client.naming          : initializer namespace from ans.namespace attribute : null
2026-05-25T22:16:14.915+08:00  INFO 2832 --- [main] com.alibaba.nacos.client.naming          : initializer namespace from ALIBABA_ALIWARE_NAMESPACE attribute :null
2026-05-25T22:16:14.916+08:00  INFO 2832 --- [main] com.alibaba.nacos.client.naming          : initializer namespace from namespace attribute :null
2026-05-25T22:16:14.934+08:00  WARN 2832 --- [main] ConfigServletWebServerApplicationContext : Exception encountered during context initialization - cancelling refresh attempt: org.springframework.context.ApplicationContextException: Failed to start bean 'webServerStartStop'
2026-05-25T22:19:25.355+08:00  WARN 24864 --- [main] c.a.nacos.client.logging.NacosLogging    : Load Logback Configuration of Nacos fail, message: Could not initialize Logback Nacos logging from classpath:nacos-logback.xml
2026-05-25T22:19:25.449+08:00  WARN 24864 --- [main] c.a.nacos.client.logging.NacosLogging    : Load Logback Configuration of Nacos fail, message: Could not initialize Logback Nacos logging from classpath:nacos-logback.xml
2026-05-25T22:19:25.465+08:00  INFO 24864 --- [main] com.bite.blog.BlogServiceApplication     : Starting BlogServiceApplication using Java 17.0.9 with PID 24864 (D:\code\spring-cloud-blog\blog-info\blog-info-service\target\classes started by liyibo in D:\code\spring-cloud-blog)
2026-05-25T22:19:25.466+08:00  INFO 24864 --- [main] com.bite.blog.BlogServiceApplication     : No active profile set, falling back to 1 default profile: "default"
2026-05-25T22:19:26.377+08:00  INFO 24864 --- [main] .s.d.r.c.RepositoryConfigurationDelegate : Multiple Spring Data modules found, entering strict repository configuration mode
2026-05-25T22:19:26.379+08:00  INFO 24864 --- [main] .s.d.r.c.RepositoryConfigurationDelegate : Bootstrapping Spring Data Redis repositories in DEFAULT mode.
2026-05-25T22:19:26.400+08:00  INFO 24864 --- [main] .s.d.r.c.RepositoryConfigurationDelegate : Finished Spring Data repository scanning in 9 ms. Found 0 Redis repository interfaces.
2026-05-25T22:19:26.640+08:00  INFO 24864 --- [main] o.s.cloud.context.scope.GenericScope     : BeanFactory id=fd3d787a-4cdf-3ad9-991c-9f554130c6f8
2026-05-25T22:19:27.279+08:00  INFO 24864 --- [main] o.s.b.w.embedded.tomcat.TomcatWebServer  : Tomcat initialized with port(s): 9090 (http)
2026-05-25T22:19:27.294+08:00  INFO 24864 --- [main] o.apache.catalina.core.StandardService   : Starting service [Tomcat]
2026-05-25T22:19:27.295+08:00  INFO 24864 --- [main] o.apache.catalina.core.StandardEngine    : Starting Servlet engine: [Apache Tomcat/10.1.16]
2026-05-25T22:19:27.408+08:00  INFO 24864 --- [main] o.a.c.c.C.[Tomcat].[localhost].[/]       : Initializing Spring embedded WebApplicationContext
2026-05-25T22:19:27.408+08:00  INFO 24864 --- [main] w.s.c.ServletWebServerApplicationContext : Root WebApplicationContext: initialization completed in 1895 ms
2026-05-25T22:19:29.763+08:00  WARN 24864 --- [main] iguration$LoadBalancerCaffeineWarnLogger : Spring Cloud LoadBalancer is currently working with the default cache. While this cache implementation is useful for development and tests, it's recommended to use Caffeine cache in production.You can switch to using Caffeine cache, by adding it and org.springframework.cache.caffeine.CaffeineCacheManager to the classpath.
2026-05-25T22:19:29.869+08:00  INFO 24864 --- [main] o.s.b.w.embedded.tomcat.TomcatWebServer  : Tomcat started on port(s): 9090 (http) with context path ''
2026-05-25T22:19:29.889+08:00  WARN 24864 --- [main] c.a.nacos.client.logging.NacosLogging    : Load Logback Configuration of Nacos fail, message: Could not initialize Logback Nacos logging from classpath:nacos-logback.xml
2026-05-25T22:19:29.889+08:00  INFO 24864 --- [main] com.alibaba.nacos.client.naming          : initializer namespace from ans.namespace attribute : null
2026-05-25T22:19:29.890+08:00  INFO 24864 --- [main] com.alibaba.nacos.client.naming          : initializer namespace from ALIBABA_ALIWARE_NAMESPACE attribute :null
2026-05-25T22:19:29.893+08:00  INFO 24864 --- [main] com.alibaba.nacos.client.naming          : initializer namespace from namespace attribute :null
2026-05-25T22:19:29.940+08:00  INFO 24864 --- [main] c.alibaba.nacos.client.utils.ParamUtil   : [settings] [req-serv] nacos-server port:8848
2026-05-25T22:19:29.940+08:00  INFO 24864 --- [main] c.alibaba.nacos.client.utils.ParamUtil   : [settings] [http-client] connect timeout:1000
2026-05-25T22:19:29.942+08:00  INFO 24864 --- [main] c.alibaba.nacos.client.utils.ParamUtil   : PER_TASK_CONFIG_SIZE: 3000.0
2026-05-25T22:19:29.950+08:00  INFO 24864 --- [main] c.a.n.p.a.s.c.ClientAuthPluginManager    : [ClientAuthPluginManager] Load ClientAuthService com.alibaba.nacos.client.auth.impl.NacosClientAuthServiceImpl success.
2026-05-25T22:19:29.950+08:00  INFO 24864 --- [main] c.a.n.p.a.s.c.ClientAuthPluginManager    : [ClientAuthPluginManager] Load ClientAuthService com.alibaba.nacos.client.auth.ram.RamClientAuthServiceImpl success.
2026-05-25T22:19:29.954+08:00  INFO 24864 --- [main] c.a.n.c.a.r.identify.CredentialWatcher   : null No credential found
2026-05-25T22:19:29.968+08:00  INFO 24864 --- [main] com.alibaba.nacos.common.remote.client   : [RpcClientFactory] create a new rpc client of ece0fbbc-241e-4644-9522-0a995fc259a0
2026-05-25T22:19:30.002+08:00  INFO 24864 --- [main] com.alibaba.nacos.common.remote.client   : [ece0fbbc-241e-4644-9522-0a995fc259a0] RpcClient init, ServerListFactory = com.alibaba.nacos.client.naming.core.ServerListManager
2026-05-25T22:19:30.002+08:00  INFO 24864 --- [main] com.alibaba.nacos.common.remote.client   : [ece0fbbc-241e-4644-9522-0a995fc259a0] Registry connection listener to current client:com.alibaba.nacos.client.naming.remote.gprc.redo.NamingGrpcRedoService
2026-05-25T22:19:30.002+08:00  INFO 24864 --- [main] com.alibaba.nacos.common.remote.client   : [ece0fbbc-241e-4644-9522-0a995fc259a0] Register server push request handler:com.alibaba.nacos.client.naming.remote.gprc.NamingPushRequestHandler
2026-05-25T22:19:30.005+08:00  INFO 24864 --- [main] com.alibaba.nacos.common.remote.client   : [ece0fbbc-241e-4644-9522-0a995fc259a0] Try to connect to server on start up, server: {serverIp = '101.43.87.239', server main port = 10020}
2026-05-25T22:19:30.033+08:00  INFO 24864 --- [main] c.a.n.c.remote.client.grpc.GrpcClient    : grpc client connection server:101.43.87.239 ip,serverPort:11020,grpcTslConfig:{"sslProvider":"OPENSSL","enableTls":false,"mutualAuthEnable":false,"trustAll":false}
2026-05-25T22:19:30.897+08:00  INFO 24864 --- [main] com.alibaba.nacos.common.remote.client   : [ece0fbbc-241e-4644-9522-0a995fc259a0] Success to connect to server [101.43.87.239:10020] on start up, connectionId = 1779718771228_221.176.130.102_24167
2026-05-25T22:19:30.897+08:00  INFO 24864 --- [com.alibaba.nacos.client.remote.worker] com.alibaba.nacos.common.remote.client   : [ece0fbbc-241e-4644-9522-0a995fc259a0] Notify connected event to listeners.
2026-05-25T22:19:30.897+08:00  INFO 24864 --- [com.alibaba.nacos.client.remote.worker] com.alibaba.nacos.client.naming          : Grpc connection connect
2026-05-25T22:19:30.897+08:00  INFO 24864 --- [main] com.alibaba.nacos.common.remote.client   : [ece0fbbc-241e-4644-9522-0a995fc259a0] Register server push request handler:com.alibaba.nacos.common.remote.client.RpcClient$ConnectResetRequestHandler
2026-05-25T22:19:30.898+08:00  INFO 24864 --- [main] com.alibaba.nacos.common.remote.client   : [ece0fbbc-241e-4644-9522-0a995fc259a0] Register server push request handler:com.alibaba.nacos.common.remote.client.RpcClient$$Lambda$1109/0x00000230e479c810
2026-05-25T22:19:30.899+08:00  INFO 24864 --- [main] com.alibaba.nacos.client.naming          : [REGISTER-SERVICE] public registering service blog-service with instance Instance{instanceId='null', ip='10.20.3.99', port=9090, weight=1.0, healthy=true, enabled=true, ephemeral=true, clusterName='DEFAULT', serviceName='null', metadata={IPv6=null, preserved.register.source=SPRING_CLOUD}}
2026-05-25T22:19:30.969+08:00  INFO 24864 --- [main] c.a.c.n.registry.NacosServiceRegistry    : nacos registry, DEFAULT_GROUP blog-service 10.20.3.99:9090 register finished
2026-05-25T22:19:31.110+08:00  INFO 24864 --- [main] com.bite.blog.BlogServiceApplication     : Started BlogServiceApplication in 6.232 seconds (process running for 6.558)
2026-05-25T22:20:00.720+08:00  INFO 24864 --- [http-nio-9090-exec-1] o.a.c.c.C.[Tomcat].[localhost].[/]       : Initializing Spring DispatcherServlet 'dispatcherServlet'
2026-05-25T22:20:00.720+08:00  INFO 24864 --- [http-nio-9090-exec-1] o.s.web.servlet.DispatcherServlet        : Initializing Servlet 'dispatcherServlet'
2026-05-25T22:20:00.722+08:00  INFO 24864 --- [http-nio-9090-exec-1] o.s.web.servlet.DispatcherServlet        : Completed initialization in 2 ms
2026-05-25T22:20:00.812+08:00  INFO 24864 --- [http-nio-9090-exec-1] com.zaxxer.hikari.HikariDataSource       : HikariPool-1 - Starting...
2026-05-25T22:20:00.914+08:00  INFO 24864 --- [http-nio-9090-exec-1] com.zaxxer.hikari.pool.HikariPool        : HikariPool-1 - Added connection com.mysql.cj.jdbc.ConnectionImpl@212be07f
2026-05-25T22:20:00.914+08:00  INFO 24864 --- [http-nio-9090-exec-1] com.zaxxer.hikari.HikariDataSource       : HikariPool-1 - Start completed.
2026-05-25T22:20:29.976+08:00  INFO 24864 --- [http-nio-9090-exec-2] c.bite.blog.controller.BlogController    : getBlogDetail, blogId: 1
2026-05-25T22:20:30.104+08:00 ERROR 24864 --- [http-nio-9090-exec-3] com.bite.blog.advice.ExceptionAdvice     : 发生异常, e: {}

org.springframework.web.bind.MissingServletRequestParameterException: Required request parameter 'blogId' for method parameter type Integer is not present
	at org.springframework.web.method.annotation.RequestParamMethodArgumentResolver.handleMissingValueInternal(RequestParamMethodArgumentResolver.java:218) ~[spring-web-6.0.14.jar:6.0.14]
	at org.springframework.web.method.annotation.RequestParamMethodArgumentResolver.handleMissingValue(RequestParamMethodArgumentResolver.java:193) ~[spring-web-6.0.14.jar:6.0.14]
	at org.springframework.web.method.annotation.AbstractNamedValueMethodArgumentResolver.resolveArgument(AbstractNamedValueMethodArgumentResolver.java:114) ~[spring-web-6.0.14.jar:6.0.14]
	at org.springframework.web.method.support.HandlerMethodArgumentResolverComposite.resolveArgument(HandlerMethodArgumentResolverComposite.java:122) ~[spring-web-6.0.14.jar:6.0.14]
	at org.springframework.web.method.support.InvocableHandlerMethod.getMethodArgumentValues(InvocableHandlerMethod.java:179) ~[spring-web-6.0.14.jar:6.0.14]
	at org.springframework.web.method.support.InvocableHandlerMethod.invokeForRequest(InvocableHandlerMethod.java:146) ~[spring-web-6.0.14.jar:6.0.14]
	at org.springframework.web.servlet.mvc.method.annotation.ServletInvocableHandlerMethod.invokeAndHandle(ServletInvocableHandlerMethod.java:118) ~[spring-webmvc-6.0.14.jar:6.0.14]
	at org.springframework.web.servlet.mvc.method.annotation.RequestMappingHandlerAdapter.invokeHandlerMethod(RequestMappingHandlerAdapter.java:884) ~[spring-webmvc-6.0.14.jar:6.0.14]
	at org.springframework.web.servlet.mvc.method.annotation.RequestMappingHandlerAdapter.handleInternal(RequestMappingHandlerAdapter.java:797) ~[spring-webmvc-6.0.14.jar:6.0.14]
	at org.springframework.web.servlet.mvc.method.AbstractHandlerMethodAdapter.handle(AbstractHandlerMethodAdapter.java:87) ~[spring-webmvc-6.0.14.jar:6.0.14]
	at org.springframework.web.servlet.DispatcherServlet.doDispatch(DispatcherServlet.java:1081) ~[spring-webmvc-6.0.14.jar:6.0.14]
	at org.springframework.web.servlet.DispatcherServlet.doService(DispatcherServlet.java:974) ~[spring-webmvc-6.0.14.jar:6.0.14]
	at org.springframework.web.servlet.FrameworkServlet.processRequest(FrameworkServlet.java:1014) ~[spring-webmvc-6.0.14.jar:6.0.14]
	at org.springframework.web.servlet.FrameworkServlet.doPost(FrameworkServlet.java:914) ~[spring-webmvc-6.0.14.jar:6.0.14]
	at jakarta.servlet.http.HttpServlet.service(HttpServlet.java:590) ~[tomcat-embed-core-10.1.16.jar:6.0]
	at org.springframework.web.servlet.FrameworkServlet.service(FrameworkServlet.java:885) ~[spring-webmvc-6.0.14.jar:6.0.14]
	at jakarta.servlet.http.HttpServlet.service(HttpServlet.java:658) ~[tomcat-embed-core-10.1.16.jar:6.0]
	at org.apache.catalina.core.ApplicationFilterChain.internalDoFilter(ApplicationFilterChain.java:205) ~[tomcat-embed-core-10.1.16.jar:10.1.16]
	at org.apache.catalina.core.ApplicationFilterChain.doFilter(ApplicationFilterChain.java:149) ~[tomcat-embed-core-10.1.16.jar:10.1.16]
	at org.apache.tomcat.websocket.server.WsFilter.doFilter(WsFilter.java:51) ~[tomcat-embed-websocket-10.1.16.jar:10.1.16]
	at org.apache.catalina.core.ApplicationFilterChain.internalDoFilter(ApplicationFilterChain.java:174) ~[tomcat-embed-core-10.1.16.jar:10.1.16]
	at org.apache.catalina.core.ApplicationFilterChain.doFilter(ApplicationFilterChain.java:149) ~[tomcat-embed-core-10.1.16.jar:10.1.16]
	at org.springframework.web.filter.RequestContextFilter.doFilterInternal(RequestContextFilter.java:100) ~[spring-web-6.0.14.jar:6.0.14]
	at org.springframework.web.filter.OncePerRequestFilter.doFilter(OncePerRequestFilter.java:116) ~[spring-web-6.0.14.jar:6.0.14]
	at org.apache.catalina.core.ApplicationFilterChain.internalDoFilter(ApplicationFilterChain.java:174) ~[tomcat-embed-core-10.1.16.jar:10.1.16]
	at org.apache.catalina.core.ApplicationFilterChain.doFilter(ApplicationFilterChain.java:149) ~[tomcat-embed-core-10.1.16.jar:10.1.16]
	at org.springframework.web.filter.FormContentFilter.doFilterInternal(FormContentFilter.java:93) ~[spring-web-6.0.14.jar:6.0.14]
	at org.springframework.web.filter.OncePerRequestFilter.doFilter(OncePerRequestFilter.java:116) ~[spring-web-6.0.14.jar:6.0.14]
	at org.apache.catalina.core.ApplicationFilterChain.internalDoFilter(ApplicationFilterChain.java:174) ~[tomcat-embed-core-10.1.16.jar:10.1.16]
	at org.apache.catalina.core.ApplicationFilterChain.doFilter(ApplicationFilterChain.java:149) ~[tomcat-embed-core-10.1.16.jar:10.1.16]
	at org.springframework.web.filter.CharacterEncodingFilter.doFilterInternal(CharacterEncodingFilter.java:201) ~[spring-web-6.0.14.jar:6.0.14]
	at org.springframework.web.filter.OncePerRequestFilter.doFilter(OncePerRequestFilter.java:116) ~[spring-web-6.0.14.jar:6.0.14]
	at org.apache.catalina.core.ApplicationFilterChain.internalDoFilter(ApplicationFilterChain.java:174) ~[tomcat-embed-core-10.1.16.jar:10.1.16]
	at org.apache.catalina.core.ApplicationFilterChain.doFilter(ApplicationFilterChain.java:149) ~[tomcat-embed-core-10.1.16.jar:10.1.16]
	at org.apache.catalina.core.StandardWrapperValve.invoke(StandardWrapperValve.java:167) ~[tomcat-embed-core-10.1.16.jar:10.1.16]
	at org.apache.catalina.core.StandardContextValve.invoke(StandardContextValve.java:90) ~[tomcat-embed-core-10.1.16.jar:10.1.16]
	at org.apache.catalina.authenticator.AuthenticatorBase.invoke(AuthenticatorBase.java:482) ~[tomcat-embed-core-10.1.16.jar:10.1.16]
	at org.apache.catalina.core.StandardHostValve.invoke(StandardHostValve.java:115) ~[tomcat-embed-core-10.1.16.jar:10.1.16]
	at org.apache.catalina.valves.ErrorReportValve.invoke(ErrorReportValve.java:93) ~[tomcat-embed-core-10.1.16.jar:10.1.16]
	at org.apache.catalina.core.StandardEngineValve.invoke(StandardEngineValve.java:74) ~[tomcat-embed-core-10.1.16.jar:10.1.16]
	at org.apache.catalina.connector.CoyoteAdapter.service(CoyoteAdapter.java:340) ~[tomcat-embed-core-10.1.16.jar:10.1.16]
	at org.apache.coyote.http11.Http11Processor.service(Http11Processor.java:391) ~[tomcat-embed-core-10.1.16.jar:10.1.16]
	at org.apache.coyote.AbstractProcessorLight.process(AbstractProcessorLight.java:63) ~[tomcat-embed-core-10.1.16.jar:10.1.16]
	at org.apache.coyote.AbstractProtocol$ConnectionHandler.process(AbstractProtocol.java:896) ~[tomcat-embed-core-10.1.16.jar:10.1.16]
	at org.apache.tomcat.util.net.NioEndpoint$SocketProcessor.doRun(NioEndpoint.java:1744) ~[tomcat-embed-core-10.1.16.jar:10.1.16]
	at org.apache.tomcat.util.net.SocketProcessorBase.run(SocketProcessorBase.java:52) ~[tomcat-embed-core-10.1.16.jar:10.1.16]
	at org.apache.tomcat.util.threads.ThreadPoolExecutor.runWorker(ThreadPoolExecutor.java:1191) ~[tomcat-embed-core-10.1.16.jar:10.1.16]
	at org.apache.tomcat.util.threads.ThreadPoolExecutor$Worker.run(ThreadPoolExecutor.java:659) ~[tomcat-embed-core-10.1.16.jar:10.1.16]
	at org.apache.tomcat.util.threads.TaskThread$WrappingRunnable.run(TaskThread.java:61) ~[tomcat-embed-core-10.1.16.jar:10.1.16]
	at java.base/java.lang.Thread.run(Thread.java:842) ~[na:na]

2026-05-25T22:20:31.600+08:00  INFO 24864 --- [http-nio-9090-exec-4] c.bite.blog.controller.BlogController    : getBlogDetail, blogId: 1
2026-05-25T22:20:35.120+08:00  INFO 24864 --- [http-nio-9090-exec-5] c.bite.blog.controller.BlogController    : updateBlog 接收参数: UpBlogRequest(id=1, title=第一篇博客, content=111我是博客正文我是博客正文我是博客正文1111)
2026-05-25T22:20:36.411+08:00  INFO 24864 --- [http-nio-9090-exec-7] c.bite.blog.controller.BlogController    : getBlogDetail, blogId: 2
2026-05-25T22:20:36.419+08:00 ERROR 24864 --- [http-nio-9090-exec-8] com.bite.blog.advice.ExceptionAdvice     : 发生异常, e: {}

org.springframework.web.bind.MissingServletRequestParameterException: Required request parameter 'blogId' for method parameter type Integer is not present
	at org.springframework.web.method.annotation.RequestParamMethodArgumentResolver.handleMissingValueInternal(RequestParamMethodArgumentResolver.java:218) ~[spring-web-6.0.14.jar:6.0.14]
	at org.springframework.web.method.annotation.RequestParamMethodArgumentResolver.handleMissingValue(RequestParamMethodArgumentResolver.java:193) ~[spring-web-6.0.14.jar:6.0.14]
	at org.springframework.web.method.annotation.AbstractNamedValueMethodArgumentResolver.resolveArgument(AbstractNamedValueMethodArgumentResolver.java:114) ~[spring-web-6.0.14.jar:6.0.14]
	at org.springframework.web.method.support.HandlerMethodArgumentResolverComposite.resolveArgument(HandlerMethodArgumentResolverComposite.java:122) ~[spring-web-6.0.14.jar:6.0.14]
	at org.springframework.web.method.support.InvocableHandlerMethod.getMethodArgumentValues(InvocableHandlerMethod.java:179) ~[spring-web-6.0.14.jar:6.0.14]
	at org.springframework.web.method.support.InvocableHandlerMethod.invokeForRequest(InvocableHandlerMethod.java:146) ~[spring-web-6.0.14.jar:6.0.14]
	at org.springframework.web.servlet.mvc.method.annotation.ServletInvocableHandlerMethod.invokeAndHandle(ServletInvocableHandlerMethod.java:118) ~[spring-webmvc-6.0.14.jar:6.0.14]
	at org.springframework.web.servlet.mvc.method.annotation.RequestMappingHandlerAdapter.invokeHandlerMethod(RequestMappingHandlerAdapter.java:884) ~[spring-webmvc-6.0.14.jar:6.0.14]
	at org.springframework.web.servlet.mvc.method.annotation.RequestMappingHandlerAdapter.handleInternal(RequestMappingHandlerAdapter.java:797) ~[spring-webmvc-6.0.14.jar:6.0.14]
	at org.springframework.web.servlet.mvc.method.AbstractHandlerMethodAdapter.handle(AbstractHandlerMethodAdapter.java:87) ~[spring-webmvc-6.0.14.jar:6.0.14]
	at org.springframework.web.servlet.DispatcherServlet.doDispatch(DispatcherServlet.java:1081) ~[spring-webmvc-6.0.14.jar:6.0.14]
	at org.springframework.web.servlet.DispatcherServlet.doService(DispatcherServlet.java:974) ~[spring-webmvc-6.0.14.jar:6.0.14]
	at org.springframework.web.servlet.FrameworkServlet.processRequest(FrameworkServlet.java:1014) ~[spring-webmvc-6.0.14.jar:6.0.14]
	at org.springframework.web.servlet.FrameworkServlet.doPost(FrameworkServlet.java:914) ~[spring-webmvc-6.0.14.jar:6.0.14]
	at jakarta.servlet.http.HttpServlet.service(HttpServlet.java:590) ~[tomcat-embed-core-10.1.16.jar:6.0]
	at org.springframework.web.servlet.FrameworkServlet.service(FrameworkServlet.java:885) ~[spring-webmvc-6.0.14.jar:6.0.14]
	at jakarta.servlet.http.HttpServlet.service(HttpServlet.java:658) ~[tomcat-embed-core-10.1.16.jar:6.0]
	at org.apache.catalina.core.ApplicationFilterChain.internalDoFilter(ApplicationFilterChain.java:205) ~[tomcat-embed-core-10.1.16.jar:10.1.16]
	at org.apache.catalina.core.ApplicationFilterChain.doFilter(ApplicationFilterChain.java:149) ~[tomcat-embed-core-10.1.16.jar:10.1.16]
	at org.apache.tomcat.websocket.server.WsFilter.doFilter(WsFilter.java:51) ~[tomcat-embed-websocket-10.1.16.jar:10.1.16]
	at org.apache.catalina.core.ApplicationFilterChain.internalDoFilter(ApplicationFilterChain.java:174) ~[tomcat-embed-core-10.1.16.jar:10.1.16]
	at org.apache.catalina.core.ApplicationFilterChain.doFilter(ApplicationFilterChain.java:149) ~[tomcat-embed-core-10.1.16.jar:10.1.16]
	at org.springframework.web.filter.RequestContextFilter.doFilterInternal(RequestContextFilter.java:100) ~[spring-web-6.0.14.jar:6.0.14]
	at org.springframework.web.filter.OncePerRequestFilter.doFilter(OncePerRequestFilter.java:116) ~[spring-web-6.0.14.jar:6.0.14]
	at org.apache.catalina.core.ApplicationFilterChain.internalDoFilter(ApplicationFilterChain.java:174) ~[tomcat-embed-core-10.1.16.jar:10.1.16]
	at org.apache.catalina.core.ApplicationFilterChain.doFilter(ApplicationFilterChain.java:149) ~[tomcat-embed-core-10.1.16.jar:10.1.16]
	at org.springframework.web.filter.FormContentFilter.doFilterInternal(FormContentFilter.java:93) ~[spring-web-6.0.14.jar:6.0.14]
	at org.springframework.web.filter.OncePerRequestFilter.doFilter(OncePerRequestFilter.java:116) ~[spring-web-6.0.14.jar:6.0.14]
	at org.apache.catalina.core.ApplicationFilterChain.internalDoFilter(ApplicationFilterChain.java:174) ~[tomcat-embed-core-10.1.16.jar:10.1.16]
	at org.apache.catalina.core.ApplicationFilterChain.doFilter(ApplicationFilterChain.java:149) ~[tomcat-embed-core-10.1.16.jar:10.1.16]
	at org.springframework.web.filter.CharacterEncodingFilter.doFilterInternal(CharacterEncodingFilter.java:201) ~[spring-web-6.0.14.jar:6.0.14]
	at org.springframework.web.filter.OncePerRequestFilter.doFilter(OncePerRequestFilter.java:116) ~[spring-web-6.0.14.jar:6.0.14]
	at org.apache.catalina.core.ApplicationFilterChain.internalDoFilter(ApplicationFilterChain.java:174) ~[tomcat-embed-core-10.1.16.jar:10.1.16]
	at org.apache.catalina.core.ApplicationFilterChain.doFilter(ApplicationFilterChain.java:149) ~[tomcat-embed-core-10.1.16.jar:10.1.16]
	at org.apache.catalina.core.StandardWrapperValve.invoke(StandardWrapperValve.java:167) ~[tomcat-embed-core-10.1.16.jar:10.1.16]
	at org.apache.catalina.core.StandardContextValve.invoke(StandardContextValve.java:90) ~[tomcat-embed-core-10.1.16.jar:10.1.16]
	at org.apache.catalina.authenticator.AuthenticatorBase.invoke(AuthenticatorBase.java:482) ~[tomcat-embed-core-10.1.16.jar:10.1.16]
	at org.apache.catalina.core.StandardHostValve.invoke(StandardHostValve.java:115) ~[tomcat-embed-core-10.1.16.jar:10.1.16]
	at org.apache.catalina.valves.ErrorReportValve.invoke(ErrorReportValve.java:93) ~[tomcat-embed-core-10.1.16.jar:10.1.16]
	at org.apache.catalina.core.StandardEngineValve.invoke(StandardEngineValve.java:74) ~[tomcat-embed-core-10.1.16.jar:10.1.16]
	at org.apache.catalina.connector.CoyoteAdapter.service(CoyoteAdapter.java:340) ~[tomcat-embed-core-10.1.16.jar:10.1.16]
	at org.apache.coyote.http11.Http11Processor.service(Http11Processor.java:391) ~[tomcat-embed-core-10.1.16.jar:10.1.16]
	at org.apache.coyote.AbstractProcessorLight.process(AbstractProcessorLight.java:63) ~[tomcat-embed-core-10.1.16.jar:10.1.16]
	at org.apache.coyote.AbstractProtocol$ConnectionHandler.process(AbstractProtocol.java:896) ~[tomcat-embed-core-10.1.16.jar:10.1.16]
	at org.apache.tomcat.util.net.NioEndpoint$SocketProcessor.doRun(NioEndpoint.java:1744) ~[tomcat-embed-core-10.1.16.jar:10.1.16]
	at org.apache.tomcat.util.net.SocketProcessorBase.run(SocketProcessorBase.java:52) ~[tomcat-embed-core-10.1.16.jar:10.1.16]
	at org.apache.tomcat.util.threads.ThreadPoolExecutor.runWorker(ThreadPoolExecutor.java:1191) ~[tomcat-embed-core-10.1.16.jar:10.1.16]
	at org.apache.tomcat.util.threads.ThreadPoolExecutor$Worker.run(ThreadPoolExecutor.java:659) ~[tomcat-embed-core-10.1.16.jar:10.1.16]
	at org.apache.tomcat.util.threads.TaskThread$WrappingRunnable.run(TaskThread.java:61) ~[tomcat-embed-core-10.1.16.jar:10.1.16]
	at java.base/java.lang.Thread.run(Thread.java:842) ~[na:na]

2026-05-25T22:21:03.681+08:00  INFO 24864 --- [http-nio-9090-exec-10] c.bite.blog.controller.BlogController    : addBlog 接收参数: AddBlogInfoRequest(userId=1, title=testtesttest, content=##在这里写下一篇博客
test)
2026-05-25T22:37:06.984+08:00  WARN 24864 --- [Thread-7] c.a.n.common.http.HttpClientBeanHolder   : [HttpClientBeanHolder] Start destroying common HttpClient
2026-05-25T22:37:06.984+08:00  WARN 24864 --- [Thread-4] c.a.nacos.common.notify.NotifyCenter     : [NotifyCenter] Start destroying Publisher
2026-05-25T22:37:06.984+08:00  WARN 24864 --- [Thread-4] c.a.nacos.common.notify.NotifyCenter     : [NotifyCenter] Destruction of the end
2026-05-25T22:37:06.985+08:00  WARN 24864 --- [Thread-7] c.a.n.common.http.HttpClientBeanHolder   : [HttpClientBeanHolder] Destruction of the end
2026-05-25T22:37:07.007+08:00  INFO 24864 --- [SpringApplicationShutdownHook] c.a.c.n.registry.NacosServiceRegistry    : De-registering from Nacos Server now...
2026-05-25T22:37:07.008+08:00  INFO 24864 --- [SpringApplicationShutdownHook] com.alibaba.nacos.client.naming          : [DEREGISTER-SERVICE] public deregistering service blog-service with instance: Instance{instanceId='null', ip='10.20.3.99', port=9090, weight=1.0, healthy=true, enabled=true, ephemeral=true, clusterName='DEFAULT', serviceName='null', metadata={}}
2026-05-25T22:37:07.059+08:00  INFO 24864 --- [SpringApplicationShutdownHook] c.a.c.n.registry.NacosServiceRegistry    : De-registration finished.
2026-05-25T22:37:07.060+08:00  INFO 24864 --- [SpringApplicationShutdownHook] com.alibaba.nacos.client.naming          : com.alibaba.nacos.client.naming.cache.ServiceInfoHolder do shutdown begin
2026-05-25T22:37:07.060+08:00  INFO 24864 --- [SpringApplicationShutdownHook] com.alibaba.nacos.client.naming          : com.alibaba.nacos.client.naming.backups.FailoverReactor do shutdown begin
2026-05-25T22:37:07.060+08:00  INFO 24864 --- [SpringApplicationShutdownHook] com.alibaba.nacos.client.naming          : com.alibaba.nacos.client.naming.backups.FailoverReactor do shutdown stop
2026-05-25T22:37:07.060+08:00  INFO 24864 --- [SpringApplicationShutdownHook] com.alibaba.nacos.client.naming          : com.alibaba.nacos.client.naming.cache.ServiceInfoHolder do shutdown stop
2026-05-25T22:37:07.060+08:00  INFO 24864 --- [SpringApplicationShutdownHook] com.alibaba.nacos.client.naming          : com.alibaba.nacos.client.naming.remote.NamingClientProxyDelegate do shutdown begin
2026-05-25T22:37:07.061+08:00  INFO 24864 --- [SpringApplicationShutdownHook] com.alibaba.nacos.client.naming          : com.alibaba.nacos.client.naming.core.ServiceInfoUpdateService do shutdown begin
2026-05-25T22:37:07.061+08:00  INFO 24864 --- [SpringApplicationShutdownHook] com.alibaba.nacos.client.naming          : com.alibaba.nacos.client.naming.core.ServiceInfoUpdateService do shutdown stop
2026-05-25T22:37:07.061+08:00  INFO 24864 --- [SpringApplicationShutdownHook] com.alibaba.nacos.client.naming          : com.alibaba.nacos.client.naming.core.ServerListManager do shutdown begin
2026-05-25T22:37:07.061+08:00  WARN 24864 --- [SpringApplicationShutdownHook] com.alibaba.nacos.client.naming          : [NamingHttpClientManager] Start destroying NacosRestTemplate
2026-05-25T22:37:07.061+08:00  WARN 24864 --- [SpringApplicationShutdownHook] com.alibaba.nacos.client.naming          : [NamingHttpClientManager] Destruction of the end
2026-05-25T22:37:07.061+08:00  INFO 24864 --- [SpringApplicationShutdownHook] com.alibaba.nacos.client.naming          : com.alibaba.nacos.client.naming.core.ServerListManager do shutdown stop
2026-05-25T22:37:07.061+08:00  INFO 24864 --- [SpringApplicationShutdownHook] com.alibaba.nacos.client.naming          : com.alibaba.nacos.client.naming.remote.http.NamingHttpClientProxy do shutdown begin
2026-05-25T22:37:07.061+08:00  WARN 24864 --- [SpringApplicationShutdownHook] com.alibaba.nacos.client.naming          : [NamingHttpClientManager] Start destroying NacosRestTemplate
2026-05-25T22:37:07.061+08:00  WARN 24864 --- [SpringApplicationShutdownHook] com.alibaba.nacos.client.naming          : [NamingHttpClientManager] Destruction of the end
2026-05-25T22:37:07.061+08:00  INFO 24864 --- [SpringApplicationShutdownHook] com.alibaba.nacos.client.naming          : com.alibaba.nacos.client.naming.remote.http.NamingHttpClientProxy do shutdown stop
2026-05-25T22:37:07.061+08:00  INFO 24864 --- [SpringApplicationShutdownHook] com.alibaba.nacos.common.remote.client   : Shutdown rpc client, set status to shutdown
2026-05-25T22:37:07.061+08:00  INFO 24864 --- [SpringApplicationShutdownHook] com.alibaba.nacos.common.remote.client   : Shutdown client event executor java.util.concurrent.ScheduledThreadPoolExecutor@651ec113[Running, pool size = 2, active threads = 2, queued tasks = 0, completed tasks = 0]
2026-05-25T22:37:07.061+08:00  INFO 24864 --- [SpringApplicationShutdownHook] com.alibaba.nacos.common.remote.client   : Close current connection 1779718771228_221.176.130.102_24167
2026-05-25T22:37:07.063+08:00  WARN 24864 --- [nacos-grpc-client-executor-101.43.87.239-236] c.a.n.c.remote.client.grpc.GrpcClient    : [1779718771228_221.176.130.102_24167]Ignore error event,isRunning:false,isAbandon=false
2026-05-25T22:37:07.064+08:00  INFO 24864 --- [SpringApplicationShutdownHook] c.a.n.c.remote.client.grpc.GrpcClient    : Shutdown grpc executor java.util.concurrent.ThreadPoolExecutor@3767856a[Running, pool size = 4, active threads = 0, queued tasks = 0, completed tasks = 237]
2026-05-25T22:37:07.064+08:00  INFO 24864 --- [SpringApplicationShutdownHook] com.alibaba.nacos.client.naming          : Shutdown grpc redo service executor java.util.concurrent.ScheduledThreadPoolExecutor@49017f0c[Running, pool size = 1, active threads = 0, queued tasks = 1, completed tasks = 351]
2026-05-25T22:37:07.064+08:00  INFO 24864 --- [SpringApplicationShutdownHook] c.a.n.c.a.r.identify.CredentialWatcher   : [null] CredentialWatcher is stopped
2026-05-25T22:37:07.064+08:00  INFO 24864 --- [SpringApplicationShutdownHook] c.a.n.c.a.r.identify.CredentialService   : [null] CredentialService is freed
2026-05-25T22:37:07.064+08:00  INFO 24864 --- [SpringApplicationShutdownHook] com.alibaba.nacos.client.naming          : com.alibaba.nacos.client.naming.remote.NamingClientProxyDelegate do shutdown stop
2026-05-25T22:37:07.065+08:00  INFO 24864 --- [SpringApplicationShutdownHook] com.zaxxer.hikari.HikariDataSource       : HikariPool-1 - Shutdown initiated...
2026-05-25T22:37:07.079+08:00  INFO 24864 --- [SpringApplicationShutdownHook] com.zaxxer.hikari.HikariDataSource       : HikariPool-1 - Shutdown completed.
2026-05-25T22:37:08.697+08:00  WARN 13692 --- [main] c.a.nacos.client.logging.NacosLogging    : Load Logback Configuration of Nacos fail, message: Could not initialize Logback Nacos logging from classpath:nacos-logback.xml
2026-05-25T22:37:08.769+08:00  WARN 13692 --- [main] c.a.nacos.client.logging.NacosLogging    : Load Logback Configuration of Nacos fail, message: Could not initialize Logback Nacos logging from classpath:nacos-logback.xml
2026-05-25T22:37:08.781+08:00  INFO 13692 --- [main] com.bite.blog.BlogServiceApplication     : Starting BlogServiceApplication using Java 17.0.9 with PID 13692 (D:\code\spring-cloud-blog\blog-info\blog-info-service\target\classes started by liyibo in D:\code\spring-cloud-blog)
2026-05-25T22:37:08.783+08:00  INFO 13692 --- [main] com.bite.blog.BlogServiceApplication     : No active profile set, falling back to 1 default profile: "default"
2026-05-25T22:37:09.360+08:00  INFO 13692 --- [main] .s.d.r.c.RepositoryConfigurationDelegate : Multiple Spring Data modules found, entering strict repository configuration mode
2026-05-25T22:37:09.362+08:00  INFO 13692 --- [main] .s.d.r.c.RepositoryConfigurationDelegate : Bootstrapping Spring Data Redis repositories in DEFAULT mode.
2026-05-25T22:37:09.377+08:00  INFO 13692 --- [main] .s.d.r.c.RepositoryConfigurationDelegate : Finished Spring Data repository scanning in 6 ms. Found 0 Redis repository interfaces.
2026-05-25T22:37:09.548+08:00  INFO 13692 --- [main] o.s.cloud.context.scope.GenericScope     : BeanFactory id=fd3d787a-4cdf-3ad9-991c-9f554130c6f8
2026-05-25T22:37:09.955+08:00  INFO 13692 --- [main] o.s.b.w.embedded.tomcat.TomcatWebServer  : Tomcat initialized with port(s): 9090 (http)
2026-05-25T22:37:09.962+08:00  INFO 13692 --- [main] o.apache.catalina.core.StandardService   : Starting service [Tomcat]
2026-05-25T22:37:09.963+08:00  INFO 13692 --- [main] o.apache.catalina.core.StandardEngine    : Starting Servlet engine: [Apache Tomcat/10.1.16]
2026-05-25T22:37:10.040+08:00  INFO 13692 --- [main] o.a.c.c.C.[Tomcat].[localhost].[/]       : Initializing Spring embedded WebApplicationContext
2026-05-25T22:37:10.041+08:00  INFO 13692 --- [main] w.s.c.ServletWebServerApplicationContext : Root WebApplicationContext: initialization completed in 1220 ms
2026-05-25T22:37:11.801+08:00  WARN 13692 --- [main] iguration$LoadBalancerCaffeineWarnLogger : Spring Cloud LoadBalancer is currently working with the default cache. While this cache implementation is useful for development and tests, it's recommended to use Caffeine cache in production.You can switch to using Caffeine cache, by adding it and org.springframework.cache.caffeine.CaffeineCacheManager to the classpath.
2026-05-25T22:37:11.876+08:00  INFO 13692 --- [main] o.s.b.w.embedded.tomcat.TomcatWebServer  : Tomcat started on port(s): 9090 (http) with context path ''
2026-05-25T22:37:11.883+08:00  WARN 13692 --- [main] c.a.nacos.client.logging.NacosLogging    : Load Logback Configuration of Nacos fail, message: Could not initialize Logback Nacos logging from classpath:nacos-logback.xml
2026-05-25T22:37:11.884+08:00  INFO 13692 --- [main] com.alibaba.nacos.client.naming          : initializer namespace from ans.namespace attribute : null
2026-05-25T22:37:11.885+08:00  INFO 13692 --- [main] com.alibaba.nacos.client.naming          : initializer namespace from ALIBABA_ALIWARE_NAMESPACE attribute :null
2026-05-25T22:37:11.885+08:00  INFO 13692 --- [main] com.alibaba.nacos.client.naming          : initializer namespace from namespace attribute :null
2026-05-25T22:37:11.911+08:00  INFO 13692 --- [main] c.alibaba.nacos.client.utils.ParamUtil   : [settings] [req-serv] nacos-server port:8848
2026-05-25T22:37:11.911+08:00  INFO 13692 --- [main] c.alibaba.nacos.client.utils.ParamUtil   : [settings] [http-client] connect timeout:1000
2026-05-25T22:37:11.913+08:00  INFO 13692 --- [main] c.alibaba.nacos.client.utils.ParamUtil   : PER_TASK_CONFIG_SIZE: 3000.0
2026-05-25T22:37:11.916+08:00  INFO 13692 --- [main] c.a.n.p.a.s.c.ClientAuthPluginManager    : [ClientAuthPluginManager] Load ClientAuthService com.alibaba.nacos.client.auth.impl.NacosClientAuthServiceImpl success.
2026-05-25T22:37:11.916+08:00  INFO 13692 --- [main] c.a.n.p.a.s.c.ClientAuthPluginManager    : [ClientAuthPluginManager] Load ClientAuthService com.alibaba.nacos.client.auth.ram.RamClientAuthServiceImpl success.
2026-05-25T22:37:11.919+08:00  INFO 13692 --- [main] c.a.n.c.a.r.identify.CredentialWatcher   : null No credential found
2026-05-25T22:37:11.931+08:00  INFO 13692 --- [main] com.alibaba.nacos.common.remote.client   : [RpcClientFactory] create a new rpc client of 54662c49-d5e4-497e-8850-a60700eb0a44
2026-05-25T22:37:11.948+08:00  INFO 13692 --- [main] com.alibaba.nacos.common.remote.client   : [54662c49-d5e4-497e-8850-a60700eb0a44] RpcClient init, ServerListFactory = com.alibaba.nacos.client.naming.core.ServerListManager
2026-05-25T22:37:11.948+08:00  INFO 13692 --- [main] com.alibaba.nacos.common.remote.client   : [54662c49-d5e4-497e-8850-a60700eb0a44] Registry connection listener to current client:com.alibaba.nacos.client.naming.remote.gprc.redo.NamingGrpcRedoService
2026-05-25T22:37:11.948+08:00  INFO 13692 --- [main] com.alibaba.nacos.common.remote.client   : [54662c49-d5e4-497e-8850-a60700eb0a44] Register server push request handler:com.alibaba.nacos.client.naming.remote.gprc.NamingPushRequestHandler
2026-05-25T22:37:11.950+08:00  INFO 13692 --- [main] com.alibaba.nacos.common.remote.client   : [54662c49-d5e4-497e-8850-a60700eb0a44] Try to connect to server on start up, server: {serverIp = '101.43.87.239', server main port = 10020}
2026-05-25T22:37:11.990+08:00  INFO 13692 --- [main] c.a.n.c.remote.client.grpc.GrpcClient    : grpc client connection server:101.43.87.239 ip,serverPort:11020,grpcTslConfig:{"sslProvider":"OPENSSL","enableTls":false,"mutualAuthEnable":false,"trustAll":false}
2026-05-25T22:37:12.716+08:00  INFO 13692 --- [main] com.alibaba.nacos.common.remote.client   : [54662c49-d5e4-497e-8850-a60700eb0a44] Success to connect to server [101.43.87.239:10020] on start up, connectionId = 1779719833149_221.176.130.102_33865
2026-05-25T22:37:12.716+08:00  INFO 13692 --- [com.alibaba.nacos.client.remote.worker] com.alibaba.nacos.common.remote.client   : [54662c49-d5e4-497e-8850-a60700eb0a44] Notify connected event to listeners.
2026-05-25T22:37:12.716+08:00  INFO 13692 --- [com.alibaba.nacos.client.remote.worker] com.alibaba.nacos.client.naming          : Grpc connection connect
2026-05-25T22:37:12.716+08:00  INFO 13692 --- [main] com.alibaba.nacos.common.remote.client   : [54662c49-d5e4-497e-8850-a60700eb0a44] Register server push request handler:com.alibaba.nacos.common.remote.client.RpcClient$ConnectResetRequestHandler
2026-05-25T22:37:12.717+08:00  INFO 13692 --- [main] com.alibaba.nacos.common.remote.client   : [54662c49-d5e4-497e-8850-a60700eb0a44] Register server push request handler:com.alibaba.nacos.common.remote.client.RpcClient$$Lambda$1109/0x0000025c3679c810
2026-05-25T22:37:12.717+08:00  INFO 13692 --- [main] com.alibaba.nacos.client.naming          : [REGISTER-SERVICE] public registering service blog-service with instance Instance{instanceId='null', ip='10.20.3.99', port=9090, weight=1.0, healthy=true, enabled=true, ephemeral=true, clusterName='DEFAULT', serviceName='null', metadata={IPv6=null, preserved.register.source=SPRING_CLOUD}}
2026-05-25T22:37:12.762+08:00  INFO 13692 --- [main] c.a.c.n.registry.NacosServiceRegistry    : nacos registry, DEFAULT_GROUP blog-service 10.20.3.99:9090 register finished
2026-05-25T22:37:12.896+08:00  INFO 13692 --- [main] com.bite.blog.BlogServiceApplication     : Started BlogServiceApplication in 4.655 seconds (process running for 4.928)
2026-05-25T22:45:10.827+08:00  INFO 13692 --- [http-nio-9090-exec-1] o.a.c.c.C.[Tomcat].[localhost].[/]       : Initializing Spring DispatcherServlet 'dispatcherServlet'
2026-05-25T22:45:10.827+08:00  INFO 13692 --- [http-nio-9090-exec-1] o.s.web.servlet.DispatcherServlet        : Initializing Servlet 'dispatcherServlet'
2026-05-25T22:45:10.830+08:00  INFO 13692 --- [http-nio-9090-exec-1] o.s.web.servlet.DispatcherServlet        : Completed initialization in 2 ms
2026-05-25T22:45:10.955+08:00  INFO 13692 --- [http-nio-9090-exec-1] com.zaxxer.hikari.HikariDataSource       : HikariPool-1 - Starting...
2026-05-25T22:45:11.063+08:00  INFO 13692 --- [http-nio-9090-exec-1] com.zaxxer.hikari.pool.HikariPool        : HikariPool-1 - Added connection com.mysql.cj.jdbc.ConnectionImpl@6c2a2a61
2026-05-25T22:45:11.063+08:00  INFO 13692 --- [http-nio-9090-exec-1] com.zaxxer.hikari.HikariDataSource       : HikariPool-1 - Start completed.
2026-05-25T23:46:00.242+08:00  WARN 13692 --- [Thread-4] c.a.nacos.common.notify.NotifyCenter     : [NotifyCenter] Start destroying Publisher
2026-05-25T23:46:00.242+08:00  WARN 13692 --- [Thread-7] c.a.n.common.http.HttpClientBeanHolder   : [HttpClientBeanHolder] Start destroying common HttpClient
2026-05-25T23:46:00.242+08:00  WARN 13692 --- [Thread-4] c.a.nacos.common.notify.NotifyCenter     : [NotifyCenter] Destruction of the end
2026-05-25T23:46:00.243+08:00  WARN 13692 --- [Thread-7] c.a.n.common.http.HttpClientBeanHolder   : [HttpClientBeanHolder] Destruction of the end
2026-05-25T23:46:00.268+08:00  INFO 13692 --- [SpringApplicationShutdownHook] c.a.c.n.registry.NacosServiceRegistry    : De-registering from Nacos Server now...
2026-05-25T23:46:00.270+08:00  INFO 13692 --- [SpringApplicationShutdownHook] com.alibaba.nacos.client.naming          : [DEREGISTER-SERVICE] public deregistering service blog-service with instance: Instance{instanceId='null', ip='10.20.3.99', port=9090, weight=1.0, healthy=true, enabled=true, ephemeral=true, clusterName='DEFAULT', serviceName='null', metadata={}}
2026-05-25T23:46:00.304+08:00  INFO 13692 --- [SpringApplicationShutdownHook] c.a.c.n.registry.NacosServiceRegistry    : De-registration finished.
2026-05-25T23:46:00.305+08:00  INFO 13692 --- [SpringApplicationShutdownHook] com.alibaba.nacos.client.naming          : com.alibaba.nacos.client.naming.cache.ServiceInfoHolder do shutdown begin
2026-05-25T23:46:00.305+08:00  INFO 13692 --- [SpringApplicationShutdownHook] com.alibaba.nacos.client.naming          : com.alibaba.nacos.client.naming.backups.FailoverReactor do shutdown begin
2026-05-25T23:46:00.305+08:00  INFO 13692 --- [SpringApplicationShutdownHook] com.alibaba.nacos.client.naming          : com.alibaba.nacos.client.naming.backups.FailoverReactor do shutdown stop
2026-05-25T23:46:00.305+08:00  INFO 13692 --- [SpringApplicationShutdownHook] com.alibaba.nacos.client.naming          : com.alibaba.nacos.client.naming.cache.ServiceInfoHolder do shutdown stop
2026-05-25T23:46:00.305+08:00  INFO 13692 --- [SpringApplicationShutdownHook] com.alibaba.nacos.client.naming          : com.alibaba.nacos.client.naming.remote.NamingClientProxyDelegate do shutdown begin
2026-05-25T23:46:00.305+08:00  INFO 13692 --- [SpringApplicationShutdownHook] com.alibaba.nacos.client.naming          : com.alibaba.nacos.client.naming.core.ServiceInfoUpdateService do shutdown begin
2026-05-25T23:46:00.305+08:00  INFO 13692 --- [SpringApplicationShutdownHook] com.alibaba.nacos.client.naming          : com.alibaba.nacos.client.naming.core.ServiceInfoUpdateService do shutdown stop
2026-05-25T23:46:00.305+08:00  INFO 13692 --- [SpringApplicationShutdownHook] com.alibaba.nacos.client.naming          : com.alibaba.nacos.client.naming.core.ServerListManager do shutdown begin
2026-05-25T23:46:00.305+08:00  WARN 13692 --- [SpringApplicationShutdownHook] com.alibaba.nacos.client.naming          : [NamingHttpClientManager] Start destroying NacosRestTemplate
2026-05-25T23:46:00.305+08:00  WARN 13692 --- [SpringApplicationShutdownHook] com.alibaba.nacos.client.naming          : [NamingHttpClientManager] Destruction of the end
2026-05-25T23:46:00.305+08:00  INFO 13692 --- [SpringApplicationShutdownHook] com.alibaba.nacos.client.naming          : com.alibaba.nacos.client.naming.core.ServerListManager do shutdown stop
2026-05-25T23:46:00.305+08:00  INFO 13692 --- [SpringApplicationShutdownHook] com.alibaba.nacos.client.naming          : com.alibaba.nacos.client.naming.remote.http.NamingHttpClientProxy do shutdown begin
2026-05-25T23:46:00.305+08:00  WARN 13692 --- [SpringApplicationShutdownHook] com.alibaba.nacos.client.naming          : [NamingHttpClientManager] Start destroying NacosRestTemplate
2026-05-25T23:46:00.305+08:00  WARN 13692 --- [SpringApplicationShutdownHook] com.alibaba.nacos.client.naming          : [NamingHttpClientManager] Destruction of the end
2026-05-25T23:46:00.305+08:00  INFO 13692 --- [SpringApplicationShutdownHook] com.alibaba.nacos.client.naming          : com.alibaba.nacos.client.naming.remote.http.NamingHttpClientProxy do shutdown stop
2026-05-25T23:46:00.305+08:00  INFO 13692 --- [SpringApplicationShutdownHook] com.alibaba.nacos.common.remote.client   : Shutdown rpc client, set status to shutdown
2026-05-25T23:46:00.306+08:00  INFO 13692 --- [SpringApplicationShutdownHook] com.alibaba.nacos.common.remote.client   : Shutdown client event executor java.util.concurrent.ScheduledThreadPoolExecutor@7e9832e4[Running, pool size = 2, active threads = 2, queued tasks = 0, completed tasks = 0]
2026-05-25T23:46:00.306+08:00  INFO 13692 --- [SpringApplicationShutdownHook] com.alibaba.nacos.common.remote.client   : Close current connection 1779719833149_221.176.130.102_33865
2026-05-25T23:46:00.307+08:00  WARN 13692 --- [nacos-grpc-client-executor-101.43.87.239-842] c.a.n.c.remote.client.grpc.GrpcClient    : [1779719833149_221.176.130.102_33865]Ignore error event,isRunning:false,isAbandon=false
2026-05-25T23:46:00.307+08:00  INFO 13692 --- [SpringApplicationShutdownHook] c.a.n.c.remote.client.grpc.GrpcClient    : Shutdown grpc executor java.util.concurrent.ThreadPoolExecutor@345e6549[Running, pool size = 4, active threads = 0, queued tasks = 0, completed tasks = 843]
2026-05-25T23:46:00.307+08:00  INFO 13692 --- [SpringApplicationShutdownHook] com.alibaba.nacos.client.naming          : Shutdown grpc redo service executor java.util.concurrent.ScheduledThreadPoolExecutor@1685c171[Running, pool size = 1, active threads = 0, queued tasks = 1, completed tasks = 1372]
2026-05-25T23:46:00.309+08:00  INFO 13692 --- [SpringApplicationShutdownHook] c.a.n.c.a.r.identify.CredentialWatcher   : [null] CredentialWatcher is stopped
2026-05-25T23:46:00.309+08:00  INFO 13692 --- [SpringApplicationShutdownHook] c.a.n.c.a.r.identify.CredentialService   : [null] CredentialService is freed
2026-05-25T23:46:00.309+08:00  INFO 13692 --- [SpringApplicationShutdownHook] com.alibaba.nacos.client.naming          : com.alibaba.nacos.client.naming.remote.NamingClientProxyDelegate do shutdown stop
2026-05-25T23:46:00.309+08:00  INFO 13692 --- [SpringApplicationShutdownHook] com.zaxxer.hikari.HikariDataSource       : HikariPool-1 - Shutdown initiated...
2026-05-25T23:46:00.311+08:00  INFO 13692 --- [SpringApplicationShutdownHook] com.zaxxer.hikari.HikariDataSource       : HikariPool-1 - Shutdown completed.
